1735575700024	geckodriver	INFO	Listening on 127.0.0.1:53098
1735575700442	mozrunner::runner	INFO	Running command: MOZ_CRASHREPORTER="1" MOZ_CRASHREPORTER_NO_REPORT="1" MOZ_CRASHREPORTER_SHUTDOWN="1" MOZ_NO_REMOTE="1" "/App ... s" "localhost" "-foreground" "-no-remote" "-profile" "/var/folders/tn/_lz86nts4gb_dpwrk91cpydr0000gn/T/rust_mozprofileDjGIAj"
*** You are running in headless mode.
console.warn: services.settings: Ignoring preference override of remote settings server
console.warn: services.settings: Allow by setting MOZ_REMOTE_SETTINGS_DEVTOOLS=1 in the environment
1735575700618	Marionette	INFO	Marionette enabled
console.error: "Warning: unrecognized command line flag" "-no-sandbox"
console.error: "Warning: unrecognized command line flag" "-ignore-certificate-errors"
console.error: "Warning: unrecognized command line flag" "-log-level"
console.error: "Warning: unrecognized command line flag" "-disable-notifications"
console.error: "Warning: unrecognized command line flag" "-user-agent"
console.error: "Warning: unrecognized command line flag" "-remote-allow-hosts"
1735575700784	Marionette	INFO	Listening on port 53107
WebDriver BiDi listening on ws://127.0.0.1:53099
1735575700802	RemoteAgent	INFO	Proxy settings initialized: {"proxyType":"manual","httpProxy":"[::ffff:7f00:1]:53100","sslProxy":"[::ffff:7f00:1]:53100"}
1735575700802	RemoteAgent	WARN	TLS certificate errors will be ignored for this session
[GFX1-]: RenderCompositorSWGL failed mapping default framebuffer, no dt
1735575702061	Marionette	WARN	Ignoring event 'DOMContentLoaded' because document has an invalid readyState of 'complete'.
1735575702259	Marionette	WARN	Ignoring event 'DOMContentLoaded' because document has an invalid readyState of 'complete'.
1735575728427	Marionette	INFO	Stopped listening on port 53107
1735575936441	geckodriver	INFO	Listening on 127.0.0.1:53256
1735575936847	mozrunner::runner	INFO	Running command: MOZ_CRASHREPORTER="1" MOZ_CRASHREPORTER_NO_REPORT="1" MOZ_CRASHREPORTER_SHUTDOWN="1" MOZ_NO_REMOTE="1" "/App ... s" "localhost" "-foreground" "-no-remote" "-profile" "/var/folders/tn/_lz86nts4gb_dpwrk91cpydr0000gn/T/rust_mozprofileuacPcj"
*** You are running in headless mode.
console.warn: services.settings: Ignoring preference override of remote settings server
console.warn: services.settings: Allow by setting MOZ_REMOTE_SETTINGS_DEVTOOLS=1 in the environment
1735575937007	Marionette	INFO	Marionette enabled
console.error: "Warning: unrecognized command line flag" "-no-sandbox"
console.error: "Warning: unrecognized command line flag" "-ignore-certificate-errors"
console.error: "Warning: unrecognized command line flag" "-log-level"
console.error: "Warning: unrecognized command line flag" "-disable-notifications"
console.error: "Warning: unrecognized command line flag" "-user-agent"
console.error: "Warning: unrecognized command line flag" "-remote-allow-hosts"
1735575937174	Marionette	INFO	Listening on port 53265
WebDriver BiDi listening on ws://127.0.0.1:53257
1735575937191	RemoteAgent	INFO	Proxy settings initialized: {"proxyType":"manual","httpProxy":"[::ffff:7f00:1]:53258","sslProxy":"[::ffff:7f00:1]:53258"}
1735575937191	RemoteAgent	WARN	TLS certificate errors will be ignored for this session
[GFX1-]: RenderCompositorSWGL failed mapping default framebuffer, no dt
1735575938396	Marionette	WARN	Ignoring event 'DOMContentLoaded' because document has an invalid readyState of 'complete'.
1735575938579	Marionette	WARN	Ignoring event 'DOMContentLoaded' because document has an invalid readyState of 'complete'.
1735575967061	Marionette	INFO	Stopped listening on port 53265
console.error: (new Error("Polling for changes failed: .", "resource://services-settings/remote-settings.sys.mjs", 324))
1735575967303	addons.xpi	ERROR	System addon update list error [Exception... "<no message>"  nsresult: "0x8046001e (<unknown>)"  location: "JS frame :: resource://gre/modules/ServiceRequest.sys.mjs :: open :: line 127"  data: no]
console.error: Region.sys.mjs: "Error fetching region" (new TypeError("NetworkError when attempting to fetch resource.", ""))
console.error: Region.sys.mjs: "Failed to fetch region" (new Error("NO_RESULT", "resource://gre/modules/Region.sys.mjs", 411))
1735576063634	geckodriver	INFO	Listening on 127.0.0.1:53391
1735576064040	mozrunner::runner	INFO	Running command: MOZ_CRASHREPORTER="1" MOZ_CRASHREPORTER_NO_REPORT="1" MOZ_CRASHREPORTER_SHUTDOWN="1" MOZ_NO_REMOTE="1" "/App ... s" "localhost" "-foreground" "-no-remote" "-profile" "/var/folders/tn/_lz86nts4gb_dpwrk91cpydr0000gn/T/rust_mozprofilehzBPVW"
*** You are running in headless mode.
console.warn: services.settings: Ignoring preference override of remote settings server
console.warn: services.settings: Allow by setting MOZ_REMOTE_SETTINGS_DEVTOOLS=1 in the environment
1735576064207	Marionette	INFO	Marionette enabled
console.error: "Warning: unrecognized command line flag" "-no-sandbox"
console.error: "Warning: unrecognized command line flag" "-ignore-certificate-errors"
console.error: "Warning: unrecognized command line flag" "-log-level"
console.error: "Warning: unrecognized command line flag" "-disable-notifications"
console.error: "Warning: unrecognized command line flag" "-user-agent"
console.error: "Warning: unrecognized command line flag" "-remote-allow-hosts"
1735576064366	Marionette	INFO	Listening on port 53400
WebDriver BiDi listening on ws://127.0.0.1:53392
1735576064382	RemoteAgent	INFO	Proxy settings initialized: {"proxyType":"manual","httpProxy":"[::ffff:7f00:1]:53393","sslProxy":"[::ffff:7f00:1]:53393"}
1735576064382	RemoteAgent	WARN	TLS certificate errors will be ignored for this session
[GFX1-]: RenderCompositorSWGL failed mapping default framebuffer, no dt
1735576065587	Marionette	WARN	Ignoring event 'DOMContentLoaded' because document has an invalid readyState of 'complete'.
1735576065776	Marionette	WARN	Ignoring event 'DOMContentLoaded' because document has an invalid readyState of 'complete'.
[Child 37178, MediaDecoderStateMachine #1] WARNING: Decoder=12450cd00 Decode error: NS_ERROR_DOM_MEDIA_DECODE_ERR (0x806e0004) - void mozilla::AppleVTDecoder::OnDecodeError(OSStatus): OnDecodeError:ffffcd93: file /builds/worker/checkouts/gecko/dom/media/MediaDecoderStateMachineBase.cpp:168
1735576143228	Marionette	INFO	Stopped listening on port 53400
